[01/20/2023 11:12:38] Debug: Session id: 332fb598-8008-4bf0-bdad-189f92dd9d6b
[01/20/2023 11:12:38] Debug: Code Processor information: Name :SnowConvert, Version: 13.0.83.0
[01/20/2023 11:12:39] Debug: Getting license
[01/20/2023 11:12:39] Debug: License information
	Status: Failed
	Message: No active license available.
[01/20/2023 11:12:39] Info: Starting to validate parameters
[01/20/2023 11:12:39] Info: Parameters to validate: 
	Execution mode: Conversion
	LICENSE_KEY: d935a874-d2d2-475c-95a6-69439d9e03b9
[01/20/2023 11:12:39] Info: Validation of parameters: Success
[01/20/2023 11:12:39] Debug: Getting code descriptor
[01/20/2023 11:12:39] Debug: Code descriptor information
	Units: 1228
	Units type: LOC
	All file bytes: 49384
	All found extensions: .sql,.dml,.ddl,.bteq,.btq,.fl,.fload,.ml,.mload,.mld,.tp,.tpump,.tpt
[01/20/2023 11:12:39] Debug: Calculating fingerprint
[01/20/2023 11:12:39] Debug: Fingerprint information Fingerprint(size=49384,projects=1)
[01/20/2023 11:12:39] Info: Starting to try to validate online license for execution
[01/20/2023 11:12:41] Debug: Getting license
[01/20/2023 11:12:41] Debug: License information
	Status: Failed
	Message: No active license available.
[01/20/2023 11:12:41] Debug: Starting the execution of the controller
[01/20/2023 11:12:41] Debug: Executing the worker: SnowConvert
[01/20/2023 11:12:55] Debug: Finished executing the worker: SnowConvert
[01/20/2023 11:12:57] Info: Controller execution ended
